<?xml version="1.0" encoding="UTF-8"?>
<Site BuildName="(empty)"
	BuildStamp="20231105-0056-Experimental"
	Name="(empty)"
	Generator="ctest-3.26.4"
	CompilerName=""
	CompilerVersion=""
	OSName="Linux"
	Hostname="fedora"
	OSRelease="6.5.9-200.fc38.x86_64"
	OSVersion="#1 SMP PREEMPT_DYNAMIC Wed Oct 25 20:40:49 UTC 2023"
	OSPlatform="x86_64"
	Is64Bits="1"
	VendorString="GenuineIntel"
	VendorID="Intel Corporation"
	FamilyID="6"
	ModelID="142"
	ProcessorCacheSize="4096"
	NumberOfLogicalCPU="4"
	NumberOfPhysicalCPU="2"
	TotalVirtualMemory="7630"
	TotalPhysicalMemory="7631"
	LogicalProcessorsPerPhysical="2"
	ProcessorClockFrequency="3300"
	>
	<Testing>
		<StartDateTime>Nov 05 01:56 CET</StartDateTime>
		<StartTestTime>1699145787</StartTestTime>
		<TestList/>
		<EndDateTime>Nov 05 01:56 CET</EndDateTime>
		<EndTestTime>1699145787</EndTestTime>
		<ElapsedMinutes>0</ElapsedMinutes>
	</Testing>
</Site>
