<?xml version="1.0" encoding="UTF-8"?>
<Site BuildName="Linux-gcc"
	BuildStamp="20231112-1214-Experimental"
	Name="fedora"
	Generator="ctest-3.26.4"
	CompilerName=""
	CompilerVersion=""
	OSName="Linux"
	Hostname="fedora"
	OSRelease="6.5.11-300.fc39.x86_64"
	OSVersion="#1 SMP PREEMPT_DYNAMIC Wed Nov  8 22:37:57 UTC 2023"
	OSPlatform="x86_64"
	Is64Bits="1"
	VendorString="GenuineIntel"
	VendorID="Intel Corporation"
	FamilyID="6"
	ModelID="142"
	ProcessorCacheSize="4096"
	NumberOfLogicalCPU="4"
	NumberOfPhysicalCPU="2"
	TotalVirtualMemory="7630"
	TotalPhysicalMemory="7631"
	LogicalProcessorsPerPhysical="2"
	ProcessorClockFrequency="3300.02"
	>
	<Testing>
		<StartDateTime>Nov 12 13:15 CET</StartDateTime>
		<StartTestTime>1699791331</StartTestTime>
		<TestList/>
		<EndDateTime>Nov 12 13:15 CET</EndDateTime>
		<EndTestTime>1699791331</EndTestTime>
		<ElapsedMinutes>0</ElapsedMinutes>
	</Testing>
</Site>
